Log file open, 01/03/18 11:55:14
LogWindows: Failed to load 'aqProf.dll' (GetLastError=126)
LogWindows: File 'aqProf.dll' does not exist
LogWindows: Failed to load 'VSPerf140.dll' (GetLastError=126)
LogWindows: File 'VSPerf140.dll' does not exist
LogWindows: Failed to load 'VtuneApi.dll' (GetLastError=126)
LogWindows: File 'VtuneApi.dll' does not exist
LogWindows: Failed to load 'VtuneApi32e.dll' (GetLastError=126)
LogWindows: File 'VtuneApi32e.dll' does not exist
LogInit: Display: Running engine for game: the_game
LogPlatformFile: Not using cached read wrapper
LogInit: Display: RandInit(1018682892) SRandInit(1018682892).
LogInit: Read version file with build ID '3709383'
LogInit: Overriding engine version to CL 3794801, compatible CL 3709383
LogInit: Registered custom module enumerator with build ID '3709383'
LogTaskGraph: Started task graph with 5 named threads and 20 total threads with 3 sets of task threads.
LogStats: Stats thread started at 0.219291
LogD3D11RHI: Aftermath initialized
LogModuleManager: Display: Found up-to-date module file ../../../Engine/Plugins/2D/Paper2D/Binaries/Win64/UE4Editor-Paper2D.dll (API version 3709383).
LogModuleManager: Display: Found up-to-date module file ../../../Engine/Plugins/2D/Paper2D/Binaries/Win64/UE4Editor-Paper2DEditor.dll (API version 3709383).
LogModuleManager: Display: Found up-to-date module file ../../../Engine/Plugins/2D/Paper2D/Binaries/Win64/UE4Editor-PaperSpriteSheetImporter.dll (API version 3709383).
LogModuleManager: Display: Found up-to-date module file ../../../Engine/Plugins/2D/Paper2D/Binaries/Win64/UE4Editor-PaperTiledImporter.dll (API version 3709383).
LogModuleManager: Display: Found up-to-date module file ../../../Engine/Plugins/2D/Paper2D/Binaries/Win64/UE4Editor-SmartSnapping.dll (API version 3709383).
LogModuleManager: Display: Found up-to-date module file ../../../Engine/Plugins/Blendables/LightPropagationVolume/Binaries/Win64/UE4Editor-LightPropagationVolumeRuntime.dll (API version 3709383).
LogModuleManager: Display: Found up-to-date module file ../../../Engine/Plugins/Blendables/LightPropagationVolume/Binaries/Win64/UE4Editor-LightPropagationVolumeEditor.dll (API version 3709383).
LogModuleManager: Display: Found up-to-date module file ../../../Engine/Plugins/Developer/GitSourceControl/Binaries/Win64/UE4Editor-GitSourceControl.dll (API version 3709383).
LogModuleManager: Display: Found up-to-date module file ../../../Engine/Plugins/Developer/PerforceSourceControl/Binaries/Win64/UE4Editor-PerforceSourceControl.dll (API version 3709383).
LogModuleManager: Display: Found up-to-date module file ../../../Engine/Plugins/Developer/SubversionSourceControl/Binaries/Win64/UE4Editor-SubversionSourceControl.dll (API version 3709383).
LogModuleManager: Display: Found up-to-date module file ../../../Engine/Plugins/Developer/UObjectPlugin/Binaries/Win64/UE4Editor-UObjectPlugin.dll (API version 3709383).
LogModuleManager: Display: Found up-to-date module file ../../../Engine/Plugins/Developer/VisualStudioCodeSourceCodeAccess/Binaries/Win64/UE4Editor-VisualStudioCodeSourceCodeAccess.dll (API version 3709383).
LogModuleManager: Display: Found up-to-date module file ../../../Engine/Plugins/Developer/VisualStudioSourceCodeAccess/Binaries/Win64/UE4Editor-VisualStudioSourceCodeAccess.dll (API version 3709383).
LogModuleManager: Display: Found up-to-date module file ../../../Engine/Plugins/Editor/AssetManagerEditor/Binaries/Win64/UE4Editor-AssetManagerEditor.dll (API version 3709383).
LogModuleManager: Display: Found up-to-date module file ../../../Engine/Plugins/Editor/AudioCapture/Binaries/Win64/UE4Editor-AudioCapture.dll (API version 3709383).
LogModuleManager: Display: Found up-to-date module file ../../../Engine/Plugins/Editor/FacialAnimation/Binaries/Win64/UE4Editor-FacialAnimation.dll (API version 3709383).
LogModuleManager: Display: Found up-to-date module file ../../../Engine/Plugins/Editor/FacialAnimation/Binaries/Win64/UE4Editor-FacialAnimationEditor.dll (API version 3709383).
LogModuleManager: Display: Found up-to-date module file ../../../Engine/Plugins/Editor/GameplayTagsEditor/Binaries/Win64/UE4Editor-GameplayTagsEditor.dll (API version 3709383).
LogModuleManager: Display: Found up-to-date module file ../../../Engine/Plugins/Editor/MobileLauncherProfileWizard/Binaries/Win64/UE4Editor-MobileLauncherProfileWizard.dll (API version 3709383).
LogModuleManager: Display: Found up-to-date module file ../../../Engine/Plugins/Editor/PluginBrowser/Binaries/Win64/UE4Editor-PluginBrowser.dll (API version 3709383).
LogModuleManager: Display: Found up-to-date module file ../../../Engine/Plugins/Editor/SpeedTreeImporter/Binaries/Win64/UE4Editor-SpeedTreeImporter.dll (API version 3709383).
LogModuleManager: Display: Found up-to-date module file ../../../Engine/Plugins/Experimental/AlembicImporter/Binaries/Win64/UE4Editor-AlembicImporter.dll (API version 3709383).
LogModuleManager: Display: Found up-to-date module file ../../../Engine/Plugins/Experimental/AlembicImporter/Binaries/Win64/UE4Editor-AlembicLibrary.dll (API version 3709383).
LogModuleManager: Display: Found up-to-date module file ../../../Engine/Plugins/Experimental/CharacterAI/Binaries/Win64/UE4Editor-CharacterAI.dll (API version 3709383).
LogModuleManager: Display: Found up-to-date module file ../../../Engine/Plugins/Experimental/HTML5Networking/Binaries/Win64/UE4Editor-HTML5Networking.dll (API version 3709383).
LogModuleManager: Display: Found up-to-date module file ../../../Engine/Plugins/Media/AndroidMedia/Binaries/Win64/UE4Editor-AndroidMediaEditor.dll (API version 3709383).
LogModuleManager: Display: Found up-to-date module file ../../../Engine/Plugins/Media/AndroidMedia/Binaries/Win64/UE4Editor-AndroidMediaFactory.dll (API version 3709383).
LogModuleManager: Display: Found up-to-date module file ../../../Engine/Plugins/Media/AvfMedia/Binaries/Win64/UE4Editor-AvfMediaEditor.dll (API version 3709383).
LogModuleManager: Display: Found up-to-date module file ../../../Engine/Plugins/Media/AvfMedia/Binaries/Win64/UE4Editor-AvfMediaFactory.dll (API version 3709383).
LogModuleManager: Display: Found up-to-date module file ../../../Engine/Plugins/Media/AvfMedia/Binaries/Win64/UE4Editor-AvfMediaFactory.dll (API version 3709383).
LogModuleManager: Display: Found up-to-date module file ../../../Engine/Plugins/Media/ImgMedia/Binaries/Win64/UE4Editor-ImgMedia.dll (API version 3709383).
LogModuleManager: Display: Found up-to-date module file ../../../Engine/Plugins/Media/ImgMedia/Binaries/Win64/UE4Editor-ImgMediaEditor.dll (API version 3709383).
LogModuleManager: Display: Found up-to-date module file ../../../Engine/Plugins/Media/ImgMedia/Binaries/Win64/UE4Editor-ImgMediaFactory.dll (API version 3709383).
LogModuleManager: Display: Found up-to-date module file ../../../Engine/Plugins/Media/ImgMedia/Binaries/Win64/UE4Editor-ImgMediaFactory.dll (API version 3709383).
LogModuleManager: Display: Found up-to-date module file ../../../Engine/Plugins/Media/ImgMedia/Binaries/Win64/UE4Editor-OpenExrWrapper.dll (API version 3709383).
LogModuleManager: Display: Found up-to-date module file ../../../Engine/Plugins/Media/MediaCompositing/Binaries/Win64/UE4Editor-MediaCompositing.dll (API version 3709383).
LogModuleManager: Display: Found up-to-date module file ../../../Engine/Plugins/Media/MediaCompositing/Binaries/Win64/UE4Editor-MediaCompositingEditor.dll (API version 3709383).
LogModuleManager: Display: Found up-to-date module file ../../../Engine/Plugins/Media/MediaPlayerEditor/Binaries/Win64/UE4Editor-MediaPlayerEditor.dll (API version 3709383).
LogModuleManager: Display: Found up-to-date module file ../../../Engine/Plugins/Media/WmfMedia/Binaries/Win64/UE4Editor-WmfMedia.dll (API version 3709383).
LogModuleManager: Display: Found up-to-date module file ../../../Engine/Plugins/Media/WmfMedia/Binaries/Win64/UE4Editor-WmfMediaEditor.dll (API version 3709383).
LogModuleManager: Display: Found up-to-date module file ../../../Engine/Plugins/Media/WmfMedia/Binaries/Win64/UE4Editor-WmfMediaFactory.dll (API version 3709383).
LogModuleManager: Display: Found up-to-date module file ../../../Engine/Plugins/Media/WmfMedia/Binaries/Win64/UE4Editor-WmfMediaFactory.dll (API version 3709383).
LogModuleManager: Display: Found up-to-date module file ../../../Engine/Plugins/Messaging/TcpMessaging/Binaries/Win64/UE4Editor-TcpMessaging.dll (API version 3709383).
LogModuleManager: Display: Found up-to-date module file ../../../Engine/Plugins/Messaging/UdpMessaging/Binaries/Win64/UE4Editor-UdpMessaging.dll (API version 3709383).
LogModuleManager: Display: Found up-to-date module file ../../../Engine/Plugins/MovieScene/ActorSequence/Binaries/Win64/UE4Editor-ActorSequence.dll (API version 3709383).
LogModuleManager: Display: Found up-to-date module file ../../../Engine/Plugins/MovieScene/LevelSequenceEditor/Binaries/Win64/UE4Editor-LevelSequenceEditor.dll (API version 3709383).
LogModuleManager: Display: Found up-to-date module file ../../../Engine/Plugins/MovieScene/MatineeToLevelSequence/Binaries/Win64/UE4Editor-MatineeToLevelSequence.dll (API version 3709383).
LogModuleManager: Display: Found up-to-date module file ../../../Engine/Plugins/Online/OnlineSubsystem/Binaries/Win64/UE4Editor-OnlineSubsystem.dll (API version 3709383).
LogModuleManager: Display: Found up-to-date module file ../../../Engine/Plugins/Runtime/AndroidPermission/Binaries/Win64/UE4Editor-AndroidPermission.dll (API version 3709383).
LogModuleManager: Display: Found up-to-date module file ../../../Engine/Plugins/Online/OnlineSubsystemNull/Binaries/Win64/UE4Editor-OnlineSubsystemNull.dll (API version 3709383).
LogModuleManager: Display: Found up-to-date module file ../../../Engine/Plugins/Online/OnlineSubsystemUtils/Binaries/Win64/UE4Editor-OnlineSubsystemUtils.dll (API version 3709383).
LogModuleManager: Display: Found up-to-date module file ../../../Engine/Plugins/Online/OnlineSubsystemUtils/Binaries/Win64/UE4Editor-OnlineBlueprintSupport.dll (API version 3709383).
LogModuleManager: Display: Found up-to-date module file ../../../Engine/Plugins/Runtime/AndroidDeviceProfileSelector/Binaries/Win64/UE4Editor-AndroidDeviceProfileSelector.dll (API version 3709383).
LogModuleManager: Display: Found up-to-date module file ../../../Engine/Plugins/Runtime/AppleARKit/Binaries/Win64/UE4Editor-AppleARKit.dll (API version 3709383).
LogModuleManager: Display: Found up-to-date module file ../../../Engine/Plugins/Runtime/ArchVisCharacter/Binaries/Win64/UE4Editor-ArchVisCharacter.dll (API version 3709383).
LogModuleManager: Display: Found up-to-date module file ../../../Engine/Plugins/Runtime/CableComponent/Binaries/Win64/UE4Editor-CableComponent.dll (API version 3709383).
LogModuleManager: Display: Found up-to-date module file ../../../Engine/Plugins/Runtime/CustomMeshComponent/Binaries/Win64/UE4Editor-CustomMeshComponent.dll (API version 3709383).
LogModuleManager: Display: Found up-to-date module file ../../../Engine/Plugins/Runtime/ExampleDeviceProfileSelector/Binaries/Win64/UE4Editor-ExampleDeviceProfileSelector.dll (API version 3709383).
LogModuleManager: Display: Found up-to-date module file ../../../Engine/Plugins/Runtime/ImmediatePhysics/Binaries/Win64/UE4Editor-ImmediatePhysics.dll (API version 3709383).
LogModuleManager: Display: Found up-to-date module file ../../../Engine/Plugins/Runtime/ImmediatePhysics/Binaries/Win64/UE4Editor-ImmediatePhysicsEditor.dll (API version 3709383).
LogModuleManager: Display: Found up-to-date module file ../../../Engine/Plugins/Runtime/LocationServicesBPLibrary/Binaries/Win64/UE4Editor-LocationServicesBPLibrary.dll (API version 3709383).
LogModuleManager: Display: Found up-to-date module file ../../../Engine/Plugins/Runtime/MobilePatchingUtils/Binaries/Win64/UE4Editor-MobilePatchingUtils.dll (API version 3709383).
LogModuleManager: Display: Found up-to-date module file ../../../Engine/Plugins/Runtime/Oculus/OculusVR/Binaries/Win64/UE4Editor-OculusHMD.dll (API version 3709383).
LogModuleManager: Display: Found up-to-date module file ../../../Engine/Plugins/Runtime/Oculus/OculusVR/Binaries/Win64/UE4Editor-OculusInput.dll (API version 3709383).
LogModuleManager: Display: Found up-to-date module file ../../../Engine/Plugins/Runtime/Oculus/OculusVR/Binaries/Win64/UE4Editor-OculusEditor.dll (API version 3709383).
LogModuleManager: Display: Found up-to-date module file ../../../Engine/Plugins/Runtime/PhysXVehicles/Binaries/Win64/UE4Editor-PhysXVehicles.dll (API version 3709383).
LogModuleManager: Display: Found up-to-date module file ../../../Engine/Plugins/Runtime/PhysXVehicles/Binaries/Win64/UE4Editor-PhysXVehiclesEditor.dll (API version 3709383).
LogModuleManager: Display: Found up-to-date module file ../../../Engine/Plugins/Runtime/ProceduralMeshComponent/Binaries/Win64/UE4Editor-ProceduralMeshComponent.dll (API version 3709383).
LogModuleManager: Display: Found up-to-date module file ../../../Engine/Plugins/Runtime/ProceduralMeshComponent/Binaries/Win64/UE4Editor-ProceduralMeshComponentEditor.dll (API version 3709383).
LogModuleManager: Display: Found up-to-date module file ../../../Engine/Plugins/Runtime/RuntimePhysXCooking/Binaries/Win64/UE4Editor-RuntimePhysXCooking.dll (API version 3709383).
LogModuleManager: Display: Found up-to-date module file ../../../Engine/Plugins/Runtime/Steam/SteamVR/Binaries/Win64/UE4Editor-SteamVR.dll (API version 3709383).
LogModuleManager: Display: Found up-to-date module file ../../../Engine/Plugins/Runtime/Steam/SteamVR/Binaries/Win64/UE4Editor-SteamVRController.dll (API version 3709383).
LogModuleManager: Display: Found up-to-date module file ../../../Engine/Plugins/Runtime/WindowsMoviePlayer/Binaries/Win64/UE4Editor-WindowsMoviePlayer.dll (API version 3709383).
LogPluginManager: Mounting plugin Paper2D
LogPluginManager: Mounting plugin LightPropagationVolume
LogPluginManager: Mounting plugin CodeLiteSourceCodeAccess
LogPluginManager: Mounting plugin GitSourceControl
LogPluginManager: Mounting plugin KDevelopSourceCodeAccess
LogPluginManager: Mounting plugin NullSourceCodeAccess
LogPluginManager: Mounting plugin PerforceSourceControl
LogPluginManager: Mounting plugin SubversionSourceControl
LogPluginManager: Mounting plugin UObjectPlugin
LogPluginManager: Mounting plugin VisualStudioCodeSourceCodeAccess
LogPluginManager: Mounting plugin VisualStudioSourceCodeAccess
LogPluginManager: Mounting plugin XCodeSourceCodeAccess
LogPluginManager: Mounting plugin AssetManagerEditor
LogPluginManager: Mounting plugin AudioCapture
LogPluginManager: Mounting plugin FacialAnimation
LogPluginManager: Mounting plugin GameplayTagsEditor
LogPluginManager: Mounting plugin MobileLauncherProfileWizard
LogPluginManager: Mounting plugin PluginBrowser
LogPluginManager: Mounting plugin SpeedTreeImporter
LogPluginManager: Mounting plugin AlembicImporter
LogPluginManager: Mounting plugin CharacterAI
LogPluginManager: Mounting plugin HTML5Networking
LogPluginManager: Mounting plugin AndroidMedia
LogPluginManager: Mounting plugin AvfMedia
LogPluginManager: Mounting plugin ImgMedia
LogPluginManager: Mounting plugin MediaCompositing
LogPluginManager: Mounting plugin MediaPlayerEditor
LogPluginManager: Mounting plugin WmfMedia
LogPluginManager: Mounting plugin TcpMessaging
LogPluginManager: Mounting plugin UdpMessaging
LogPluginManager: Mounting plugin ActorSequence
LogPluginManager: Mounting plugin LevelSequenceEditor
LogPluginManager: Mounting plugin MatineeToLevelSequence
LogPluginManager: Mounting plugin OnlineSubsystemGooglePlay
LogPluginManager: Mounting plugin OnlineSubsystemIOS
LogPluginManager: Mounting plugin OnlineSubsystem
LogPluginManager: Mounting plugin OnlineSubsystemNull
LogPluginManager: Mounting plugin OnlineSubsystemUtils
LogPluginManager: Mounting plugin AndroidDeviceProfileSelector
LogPluginManager: Mounting plugin AndroidMoviePlayer
LogPluginManager: Mounting plugin AndroidPermission
LogPluginManager: Mounting plugin AppleARKit
LogPluginManager: Mounting plugin AppleMoviePlayer
LogPluginManager: Mounting plugin ArchVisCharacter
LogPluginManager: Mounting plugin CableComponent
LogPluginManager: Mounting plugin CustomMeshComponent
LogPluginManager: Mounting plugin ExampleDeviceProfileSelector
LogPluginManager: Mounting plugin GoogleCloudMessaging
LogPluginManager: Mounting plugin ImmediatePhysics
LogPluginManager: Mounting plugin IOSDeviceProfileSelector
LogPluginManager: Mounting plugin LinuxDeviceProfileSelector
LogPluginManager: Mounting plugin LocationServicesBPLibrary
LogPluginManager: Mounting plugin MobilePatchingUtils
LogPluginManager: Mounting plugin OculusVR
LogPluginManager: Plugin shader directory ../../../Engine/Plugins/Runtime/Oculus/OculusVR/Shaders found
LogPluginManager: Mapping shader source directory ../../../Engine/Plugins/Runtime/Oculus/OculusVR/Shaders to virtual directory /Plugin/OculusVR
LogPluginManager: Mounting plugin PhysXVehicles
LogPluginManager: Mounting plugin ProceduralMeshComponent
LogPluginManager: Mounting plugin RuntimePhysXCooking
LogPluginManager: Mounting plugin SteamVR
LogPluginManager: Mounting plugin WindowsMoviePlayer
LogInit: Using libcurl 7.47.1
LogInit:  - built for x86_64-pc-win32
LogInit:  - supports SSL with OpenSSL/1.0.2g
LogInit:  - supports HTTP deflate (compression) using libz 1.2.8
LogInit:  - other features:
LogInit:      CURL_VERSION_SSL
LogInit:      CURL_VERSION_LIBZ
LogInit:      CURL_VERSION_IPV6
LogInit:      CURL_VERSION_ASYNCHDNS
LogInit:      CURL_VERSION_LARGEFILE
LogInit:      CURL_VERSION_IDN
LogInit:  CurlRequestOptions (configurable via config and command line):
LogInit:  - bVerifyPeer = false  - Libcurl will NOT verify peer certificate
LogInit:  - bUseHttpProxy = false  - Libcurl will NOT use HTTP proxy
LogInit:  - bDontReuseConnections = false  - Libcurl will reuse connections
LogInit:  - CertBundlePath = nullptr  - Libcurl will use whatever was configured at build time.
LogInit: Build: ++UE4+Release-4.18-CL-3794801
LogInit: Engine Version: 4.18.2-3794801+++UE4+Release-4.18
LogInit: Compatible Engine Version: 4.18.0-3709383+++UE4+Release-4.18
LogInit: Net CL: 3709383
LogDevObjectVersion: Number of dev versions registered: 16
LogDevObjectVersion:   Dev-Blueprints (B0D832E4-1F89-4F0D-ACCF-7EB736FD4AA2): 10
LogDevObjectVersion:   Dev-Build (E1C64328-A22C-4D53-A36C-8E866417BD8C): 0
LogDevObjectVersion:   Dev-Core (375EC13C-06E4-48FB-B500-84F0262A717E): 2
LogDevObjectVersion:   Dev-Editor (E4B068ED-F494-42E9-A231-DA0B2E46BB41): 20
LogDevObjectVersion:   Dev-Framework (CFFC743F-43B0-4480-9391-14DF171D2073): 30
LogDevObjectVersion:   Dev-Mobile (B02B49B5-BB20-44E9-A304-32B752E40360): 0
LogDevObjectVersion:   Dev-Networking (A4E4105C-59A1-49B5-A7C5-40C4547EDFEE): 0
LogDevObjectVersion:   Dev-Online (39C831C9-5AE6-47DC-9A44-9C173E1C8E7C): 0
LogDevObjectVersion:   Dev-Physics (78F01B33-EBEA-4F98-B9B4-84EACCB95AA2): 0
LogDevObjectVersion:   Dev-Platform (6631380F-2D4D-43E0-8009-CF276956A95A): 0
LogDevObjectVersion:   Dev-Rendering (12F88B9F-8875-4AFC-A67C-D90C383ABD29): 20
LogDevObjectVersion:   Dev-Sequencer (7B5AE74C-D270-4C10-A958-57980B212A5A): 4
LogDevObjectVersion:   Dev-VR (D7296918-1DD6-4BDD-9DE2-64A83CC13884): 0
LogDevObjectVersion:   Dev-LoadTimes (C2A15278-BFE7-4AFE-6C17-90FF531DF755): 1
LogDevObjectVersion:   Private-Geometry (6EACA3D4-40EC-4CC1-B786-8BED09428FC5): 1
LogDevObjectVersion:   Dev-AnimPhys (29E575DD-E0A3-4627-9D10-D276232CDCEA): 12
LogInit: Compiled (64-bit): Dec  8 2017 02:04:53
LogInit: Compiled with Visual C++: 19.00.24215.01
LogInit: Build Configuration: Development
LogInit: Branch Name: ++UE4+Release-4.18
LogInit: Command line: -EpicPortal 
LogInit: Base directory: C:/Program Files/Epic Games/UE_4.18/Engine/Binaries/Win64/
LogInit: Installed Engine Build: 1
LogInit: Presizing for max 8388607 objects, including 0 objects not considered by GC, pre-allocating 0 bytes for permanent pool.
LogInit: Object subsystem initialized
[2018.01.03-16.55.16:046][  0]LogInit: Selected Device Profile: [Windows]
[2018.01.03-16.55.16:046][  0]LogInit: Applying CVar settings loaded from the selected device profile: [Windows]
[2018.01.03-16.55.16:060][  0]LogInit: Computer: DESKTOP-SLNCOBD
[2018.01.03-16.55.16:060][  0]LogInit: User: dhenn
[2018.01.03-16.55.16:060][  0]LogInit: CPU Page size=4096, Cores=6
[2018.01.03-16.55.16:060][  0]LogInit: High frequency timer resolution =3.513592 MHz
[2018.01.03-16.55.16:060][  0]LogMemory: Memory total: Physical=31.9GB (32GB approx)
[2018.01.03-16.55.16:060][  0]LogMemory: Platform Memory Stats for Windows
[2018.01.03-16.55.16:060][  0]LogMemory: Process Physical Memory: 274.43 MB used, 274.43 MB peak
[2018.01.03-16.55.16:060][  0]LogMemory: Process Virtual Memory: 270.32 MB used, 270.32 MB peak
[2018.01.03-16.55.16:060][  0]LogMemory: Physical Memory: 6177.30 MB used,  26498.64 MB free, 32675.95 MB total
[2018.01.03-16.55.16:060][  0]LogMemory: Virtual Memory: 682.87 MB used,  26498.64 MB free, 134217728.00 MB total
[2018.01.03-16.55.16:188][  0]LogInit: Using OS detected language (en-US).
[2018.01.03-16.55.16:188][  0]LogInit: Using OS detected locale (en-US).
[2018.01.03-16.55.16:191][  0]LogTextLocalizationManager: No specific localization for 'en-US' exists, so the 'en' localization will be used.
[2018.01.03-16.55.16:527][  0]LogInit: Setting process to per monitor DPI aware
[2018.01.03-16.55.16:776][  0]LogD3D11RHI: D3D11 adapters:
[2018.01.03-16.55.16:808][  0]LogD3D11RHI:    0. 'NVIDIA GeForce GTX 1080 Ti' (Feature Level 11_0)
[2018.01.03-16.55.16:808][  0]LogD3D11RHI:       11132/0/16337 MB DedicatedVideo/DedicatedSystem/SharedSystem, Outputs:3, VendorId:0x10de
[2018.01.03-16.55.16:810][  0]LogD3D11RHI:    1. 'Microsoft Basic Render Driver' (Feature Level 11_0)
[2018.01.03-16.55.16:810][  0]LogD3D11RHI:       0/0/16337 MB DedicatedVideo/DedicatedSystem/SharedSystem, Outputs:0, VendorId:0x1414
[2018.01.03-16.55.16:810][  0]LogD3D11RHI: Chosen D3D11 Adapter: 0
[2018.01.03-16.55.16:815][  0]LogD3D11RHI: Creating new Direct3DDevice
[2018.01.03-16.55.16:815][  0]LogD3D11RHI:     GPU DeviceId: 0x1b06 (for the marketing name, search the web for "GPU Device Id")
[2018.01.03-16.55.16:815][  0]LogWindows: EnumDisplayDevices:
[2018.01.03-16.55.16:816][  0]LogWindows:    0. 'NVIDIA GeForce GTX 1080 Ti' (P:1 D:1)
[2018.01.03-16.55.16:816][  0]LogWindows:    1. 'NVIDIA GeForce GTX 1080 Ti' (P:0 D:1)
[2018.01.03-16.55.16:816][  0]LogWindows:    2. 'NVIDIA GeForce GTX 1080 Ti' (P:0 D:1)
[2018.01.03-16.55.16:816][  0]LogWindows:    3. 'NVIDIA GeForce GTX 1080 Ti' (P:0 D:0)
[2018.01.03-16.55.16:816][  0]LogWindows: DebugString: GetVideoDriverDetailsInvalid PrimaryIsNotTheChoosenAdapter GetVideoDriverDetailsInvalid PrimaryIsNotTheChoosenAdapter GetVideoDriverDetailsInvalid PrimaryIsNotTheChoosenAdapter GetVideoDriverDetailsInvalid PrimaryIsNotTheChoosenAdapter FoundDriverCount:0 
[2018.01.03-16.55.16:816][  0]LogD3D11RHI:     Adapter Name: NVIDIA GeForce GTX 1080 Ti
[2018.01.03-16.55.16:816][  0]LogD3D11RHI:   Driver Version: Unknown (internal:Unknown, unified:Unknown)
[2018.01.03-16.55.16:816][  0]LogD3D11RHI:      Driver Date: Unknown
[2018.01.03-16.55.16:816][  0]LogRHI: Texture pool is 7792 MB (70% of 11132 MB)
[2018.01.03-16.55.16:839][  0]LogD3D11RHI: Async texture creation enabled
[2018.01.03-16.55.16:952][  0]LogD3D11RHI: GPU Timing Frequency: 1000.000000 (Debug: 2 1)
[2018.01.03-16.55.17:085][  0]LogShaderCompilers: Guid format shader working directory is 6 characters bigger than the processId version (E:/2017/git/twod_fighting_game/the_game/Intermediate/Shaders/WorkingDirectory/11556/).
[2018.01.03-16.55.17:085][  0]LogShaderCompilers: Cleaned the shader compiler working directory 'C:/Users/dhenn/AppData/Local/Temp/UnrealShaderWorkingDir/F2A2F8DB4A2F7396BF843CA343A06D79/'.
[2018.01.03-16.55.17:085][  0]LogShaderCompilers: Display: Using Local Shader Compiler.
[2018.01.03-16.55.17:887][  0]LogTemp: Display: Loaded TP AllDesktopTargetPlatform
[2018.01.03-16.55.17:933][  0]LogTemp: Display: Loaded TP MacClientTargetPlatform
[2018.01.03-16.55.17:981][  0]LogTemp: Display: Loaded TP MacNoEditorTargetPlatform
[2018.01.03-16.55.18:028][  0]LogTemp: Display: Loaded TP MacServerTargetPlatform
[2018.01.03-16.55.18:074][  0]LogTemp: Display: Loaded TP MacTargetPlatform
[2018.01.03-16.55.18:120][  0]LogTemp: Display: Loaded TP WindowsClientTargetPlatform
[2018.01.03-16.55.18:166][  0]LogTemp: Display: Loaded TP WindowsNoEditorTargetPlatform
[2018.01.03-16.55.18:211][  0]LogTemp: Display: Loaded TP WindowsServerTargetPlatform
[2018.01.03-16.55.18:252][  0]LogTemp: Display: Loaded TP WindowsTargetPlatform
[2018.01.03-16.55.18:297][  0]LogTemp: Display: Loaded TP Android_ASTCTargetPlatform
[2018.01.03-16.55.18:342][  0]LogTemp: Display: Loaded TP Android_ATCTargetPlatform
[2018.01.03-16.55.18:388][  0]LogTemp: Display: Loaded TP Android_DXTTargetPlatform
[2018.01.03-16.55.18:432][  0]LogTemp: Display: Loaded TP Android_ETC1TargetPlatform
[2018.01.03-16.55.18:478][  0]LogTemp: Display: Loaded TP Android_ETC2TargetPlatform
[2018.01.03-16.55.18:568][  0]LogTemp: Display: Loaded TP Android_MultiTargetPlatform
[2018.01.03-16.55.18:568][  0]LogTemp: Display: Loaded TP Android_PVRTCTargetPlatform
[2018.01.03-16.55.18:614][  0]LogTemp: Display: Loaded TP AndroidTargetPlatform
[2018.01.03-16.55.18:650][  0]LogTemp: Display: Loaded TP HTML5TargetPlatform
[2018.01.03-16.55.18:731][  0]LogTemp: Display: Loaded TP IOSTargetPlatform
[2018.01.03-16.55.18:755][  0]LogTemp: Display: Loaded TP TVOSTargetPlatform
[2018.01.03-16.55.18:800][  0]LogTemp: Display: Loaded TP LinuxClientTargetPlatform
[2018.01.03-16.55.18:845][  0]LogTemp: Display: Loaded TP LinuxNoEditorTargetPlatform
[2018.01.03-16.55.18:890][  0]LogTemp: Display: Loaded TP LinuxServerTargetPlatform
[2018.01.03-16.55.18:935][  0]LogTemp: Display: Loaded TP LinuxTargetPlatform
[2018.01.03-16.55.18:935][  0]LogTargetPlatformManager: Display: Building Assets For Windows
[2018.01.03-16.55.19:341][  0]LogDerivedDataCache: Display: Max Cache Size: 512 MB
[2018.01.03-16.55.19:407][  0]LogDerivedDataCache: Loaded boot cache 0.07s 78MB C:/Users/dhenn/AppData/Local/UnrealEngine/4.18/DerivedDataCache/Boot.ddc.
[2018.01.03-16.55.19:407][  0]LogDerivedDataCache: Display: Loaded Boot cache: C:/Users/dhenn/AppData/Local/UnrealEngine/4.18/DerivedDataCache/Boot.ddc
[2018.01.03-16.55.19:407][  0]LogDerivedDataCache: FDerivedDataBackendGraph:  Pak pak cache file E:/2017/git/twod_fighting_game/the_game/DerivedDataCache/DDC.ddp not found, will not use a pak cache.
[2018.01.03-16.55.19:407][  0]LogDerivedDataCache: Unable to find inner node Pak for hierarchical cache Hierarchy.
[2018.01.03-16.55.19:407][  0]LogDerivedDataCache: FDerivedDataBackendGraph:  CompressedPak pak cache file E:/2017/git/twod_fighting_game/the_game/DerivedDataCache/Compressed.ddp not found, will not use a pak cache.
[2018.01.03-16.55.19:407][  0]LogDerivedDataCache: Unable to find inner node CompressedPak for hierarchical cache Hierarchy.
[2018.01.03-16.55.19:421][  0]LogDerivedDataCache: Display: Pak cache opened for reading ../../../Engine/DerivedDataCache/Compressed.ddp.
[2018.01.03-16.55.19:433][  0]LogDerivedDataCache: Using Local data cache path C:/Users/dhenn/AppData/Local/UnrealEngine/Common/DerivedDataCache: Writable
[2018.01.03-16.55.19:442][  0]LogMaterial: Verifying Global Shaders for PCD3D_SM5
[2018.01.03-16.55.19:442][  0]LogSlate: Using Freetype 2.6.0
[2018.01.03-16.55.19:443][  0]LogSlate: SlateFontCache - WITH_FREETYPE: 1, WITH_HARFBUZZ: 1
[2018.01.03-16.55.19:443][  0]LogSlate: SlateFontCache - WITH_FREETYPE: 1, WITH_HARFBUZZ: 1
[2018.01.03-16.55.19:743][  0]LogInit: Selected Device Profile: [Windows]
[2018.01.03-16.55.20:035][  0]LogSimplygon: Simplygon DLL not present - disabling.
[2018.01.03-16.55.20:072][  0]LogMeshReduction: Using SimplygonSwarm for distributed automatic mesh merging
[2018.01.03-16.55.20:072][  0]LogMeshReduction: Using QuadricMeshReduction for automatic static mesh reduction
[2018.01.03-16.55.20:072][  0]LogMeshReduction: No automatic skeletal mesh reduction module available
[2018.01.03-16.55.20:072][  0]LogMeshReduction: No automatic mesh merging module available
[2018.01.03-16.55.20:072][  0]LogMeshMerging: No automatic mesh merging module available
[2018.01.03-16.55.20:115][  0]LogNetVersion: the_game , NetCL: 3709383, EngineNetVer: 2, GameNetVer: 0 (Checksum: 662388109)
[2018.01.03-16.55.20:252][  0]LogAssetRegistry: FAssetRegistry took 0.0247 seconds to start up
[2018.01.03-16.55.20:666][  0]LogPackageLocalizationCache: Processed 7 localized package path(s) for 2 prioritized culture(s) in 0.045511 seconds
[2018.01.03-16.55.20:670][  0]LogUObjectArray: 35900 objects as part of root set at end of initial load.
[2018.01.03-16.55.20:670][  0]LogUObjectAllocator: 7372016 out of 0 bytes used by permanent object pool.
[2018.01.03-16.55.20:670][  0]LogUObjectArray: CloseDisregardForGC: 0/0 objects in disregard for GC pool
[2018.01.03-16.55.20:716][  0]LogInit: WinSock: version 1.1 (2.2), MaxSocks=32767, MaxUdp=65467
[2018.01.03-16.55.23:031][  0]LogTcpMessaging: Initializing TcpMessaging bridge
[2018.01.03-16.55.23:068][  0]LogUdpMessaging: Initializing bridge on interface 0.0.0.0:0 to multicast group 230.0.0.1:6666.
[2018.01.03-16.55.23:659][  0]LogMaterial: Uniform references updated for custom material expression Custom.
[2018.01.03-16.55.24:034][  0]SourceControl: Source control is disabled
[2018.01.03-16.55.24:034][  0]SourceControl: Source control is disabled
[2018.01.03-16.55.24:080][  0]SourceControl: Source control is disabled
[2018.01.03-16.55.24:126][  0]SourceControl: Source control is disabled
[2018.01.03-16.55.24:841][  0]LogAndroidPermission: UAndroidPermissionCallbackProxy::GetInstance
[2018.01.03-16.55.25:080][  0]LogOcInput: OculusInput pre-init called
[2018.01.03-16.55.25:335][  0]LogEngine: Initializing Engine...
[2018.01.03-16.55.27:293][  0]LogHMD: SteamVR initialized.  Driver: lighthouse  Display: LHR-DD222644
[2018.01.03-16.55.27:488][  0]LogStats: UGameplayTagsManager::ConstructGameplayTagTree: Construct from data asset -  0.000 s
[2018.01.03-16.55.27:488][  0]LogStats: UGameplayTagsManager::ConstructGameplayTagTree: GameplayTagTreeChangedEvent.Broadcast -  0.000 s
[2018.01.03-16.55.27:606][  0]LogAIModule: Creating AISystem for world Untitled
[2018.01.03-16.55.27:620][  0]LogInit: XAudio2 using 'Speakers (Realtek High Definition Audio)' : 2 channels at 48 kHz using 32 bits per sample (channel mask 0x3)
[2018.01.03-16.55.27:654][  0]LogInit: FAudioDevice initialized.
[2018.01.03-16.55.27:714][  0]LogDerivedDataCache: Saved boot cache 0.06s 78MB C:/Users/dhenn/AppData/Local/UnrealEngine/4.18/DerivedDataCache/Boot.ddc.
[2018.01.03-16.55.27:725][  0]LogInit: Texture streaming: Enabled
[2018.01.03-16.55.27:825][  0]LogEngineSessionManager: EngineSessionManager initialized
[2018.01.03-16.55.27:944][  0]LogInit: Transaction tracking system initialized
[2018.01.03-16.55.28:272][  0]BlueprintLog: New page: Editor Load
[2018.01.03-16.55.29:184][  0]LocalizationService: Localization service is disabled
[2018.01.03-16.55.29:719][  0]LogLinker: Warning: Can't find file '/Game/FirstPersonBP/FirstPersonOverview'
[2018.01.03-16.55.29:719][  0]LogLinker: Warning: Can't find file '/Game/FirstPersonBP/FirstPersonOverview'
[2018.01.03-16.55.29:719][  0]LogUObjectGlobals: Warning: Failed to find object 'Class /Game/FirstPersonBP/FirstPersonOverview.FirstPersonOverview_C'
[2018.01.03-16.55.29:937][  0]LogConsoleResponse: Display: 
[2018.01.03-16.55.30:092][  0]LogCook: Display: Max memory allowance for cook 16384mb min free memory 0mb
[2018.01.03-16.55.30:092][  0]LogCook: Display: Mobile HDR setting 1
[2018.01.03-16.55.30:092][  0]LogGameplayTags: Display: UGameplayTagsManager::DoneAddingNativeTags. DelegateIsBound: 0
[2018.01.03-16.55.30:847][  0]LogFileCache: Scanning file cache for directory 'E:/2017/git/twod_fighting_game/the_game/Content/' took 0.02s
[2018.01.03-16.55.31:202][  0]SourceControl: Source control is disabled
[2018.01.03-16.55.31:202][  0]Cmd: MAP LOAD FILE="E:/2017/git/twod_fighting_game/the_game/Content/2DSideScrollerBP/Maps/2DSideScrollerExampleMap.umap" TEMPLATE=0 SHOWPROGRESS=1 FEATURELEVEL=3
[2018.01.03-16.55.31:207][  0]LightingResults: New page: Lighting Build
[2018.01.03-16.55.31:247][  0]MapCheck: New page: Map Check
[2018.01.03-16.55.31:247][  0]LightingResults: New page: Lighting Build
[2018.01.03-16.55.31:516][  0]LogAIModule: Creating AISystem for world 2DSideScrollerExampleMap
[2018.01.03-16.55.31:520][  0]LogEditorServer: Finished looking for orphan Actors (0.000 secs)
[2018.01.03-16.55.31:533][  0]Cmd: MAP CHECKDEP NOCLEARLOG
[2018.01.03-16.55.31:580][  0]MapCheck: Map check complete: 0 Error(s), 0 Warning(s), took 46.884ms to complete.
[2018.01.03-16.55.31:580][  0]LogFileHelpers: Loading map '2DSideScrollerExampleMap' took 0.378
[2018.01.03-16.55.31:797][  0]LogCollectionManager: Loaded 0 collections in 0.001224 seconds
[2018.01.03-16.55.31:900][  0]LogFileCache: Scanning file cache for directory 'E:/2017/git/twod_fighting_game/the_game/Saved/Collections/' took 0.01s
[2018.01.03-16.55.31:900][  0]LogFileCache: Scanning file cache for directory 'E:/2017/git/twod_fighting_game/the_game/Content/Developers/dhenn/Collections/' took 0.01s
[2018.01.03-16.55.31:900][  0]LogFileCache: Scanning file cache for directory 'E:/2017/git/twod_fighting_game/the_game/Content/Collections/' took 0.01s
[2018.01.03-16.55.31:900][  0]LogCollectionManager: Rebuilt the GUID cache for 0 collections in 0.000000 seconds
[2018.01.03-16.55.31:908][  0]LogContentBrowser: Native class hierarchy populated in 0.0072 seconds. Added 2363 classes and 519 folders.
[2018.01.03-16.55.31:967][  0]LogContentBrowser: Native class hierarchy updated for 'WidgetCarousel' in 0.0002 seconds. Added 0 classes and 0 folders.
[2018.01.03-16.55.32:233][  0]LogContentBrowser: Native class hierarchy updated for 'AddContentDialog' in 0.0002 seconds. Added 0 classes and 0 folders.
[2018.01.03-16.55.32:276][  0]LogContentBrowser: Native class hierarchy updated for 'SceneOutliner' in 0.0002 seconds. Added 1 classes and 2 folders.
[2018.01.03-16.55.32:309][  0]LogSlate: Took 0.000203 seconds to synchronously load lazily loaded font '../../../Engine/Content/Slate/Fonts/Roboto-Regular.ttf' (155K)
[2018.01.03-16.55.32:311][  0]LogSlate: Took 0.000161 seconds to synchronously load lazily loaded font '../../../Engine/Content/Slate/Fonts/Roboto-Bold.ttf' (160K)
[2018.01.03-16.55.32:324][  0]LogSlate: Took 0.007529 seconds to synchronously load lazily loaded font '../../../Engine/Content/Editor/Slate/Fonts/FontAwesome.ttf' (139K)
[2018.01.03-16.55.32:466][  0]LogRenderer: Reallocating scene render targets to support 2248x864 Format 10 NumSamples 1 (Frame:1).
[2018.01.03-16.55.32:748][  0]LogContentBrowser: Native class hierarchy updated for 'HierarchicalLODOutliner' in 0.0003 seconds. Added 1 classes and 2 folders.
[2018.01.03-16.55.32:748][  0]LogLoad: (Engine Initialization) Total time: 18.78 seconds
[2018.01.03-16.55.32:748][  0]LogLoad: (Engine Initialization) Total Blueprint compile time: 0.00 seconds
[2018.01.03-16.55.32:748][  0]LogExternalProfiler: No external profilers were discovered.  External profiling features will not be available.
[2018.01.03-16.55.32:757][  0]LogWindowsTextInputMethodSystem: Display: IME system now deactivated.
[2018.01.03-16.55.32:774][  0]LogAssetRegistry: Asset discovery search completed in 12.5439 seconds
[2018.01.03-16.55.32:776][  0]LogCollectionManager: Rebuilt the object cache for 0 collections in 0.000001 seconds (found 0 objects)
[2018.01.03-16.55.32:776][  0]LogCollectionManager: Fixed up redirectors for 0 collections in 0.000060 seconds (updated 0 objects)
[2018.01.03-16.55.32:783][  0]LogContentStreaming: Texture pool size now 3000 MB
[2018.01.03-16.55.45:750][497]LogEditorViewport: Clicking on Actor (context menu): PaperSpriteActor (Background_Sprite)
[2018.01.03-16.55.46:254][514]LogEditorViewport: Clicking on Actor (LMB): PaperSpriteActor (Ledge_25)
[2018.01.03-16.55.47:774][690]Cmd: DELETE
[2018.01.03-16.55.47:774][690]Cmd: ACTOR DELETE
[2018.01.03-16.55.47:782][690]LogEditorActor: Deleted Actor: PaperSpriteActor
[2018.01.03-16.55.47:795][690]LogEditorActor: Deleted 1 Actors (0.020 secs)
[2018.01.03-16.55.48:650][792]LogEditorViewport: Clicking on Actor (LMB): PaperSpriteActor (Ledge_34)
[2018.01.03-16.55.49:123][842]Cmd: DELETE
[2018.01.03-16.55.49:123][842]Cmd: ACTOR DELETE
[2018.01.03-16.55.49:124][842]LogEditorActor: Deleted Actor: PaperSpriteActor
[2018.01.03-16.55.49:136][842]LogEditorActor: Deleted 1 Actors (0.013 secs)
[2018.01.03-16.55.49:754][915]LogEditorViewport: Clicking on Actor (LMB): PaperSpriteActor (Ledge_14)
[2018.01.03-16.55.50:174][959]Cmd: DELETE
[2018.01.03-16.55.50:174][959]Cmd: ACTOR DELETE
[2018.01.03-16.55.50:175][959]LogEditorActor: Deleted Actor: PaperSpriteActor
[2018.01.03-16.55.50:187][959]LogEditorActor: Deleted 1 Actors (0.013 secs)
[2018.01.03-16.55.50:855][ 38]LogEditorViewport: Clicking on Actor (LMB): PaperSpriteActor (Ledge_13)
[2018.01.03-16.55.51:015][ 51]Cmd: DELETE
[2018.01.03-16.55.51:016][ 51]Cmd: ACTOR DELETE
[2018.01.03-16.55.51:017][ 51]LogEditorActor: Deleted Actor: PaperSpriteActor
[2018.01.03-16.55.51:029][ 51]LogEditorActor: Deleted 1 Actors (0.013 secs)
[2018.01.03-16.55.51:763][138]LogEditorViewport: Clicking on Actor (LMB): PaperSpriteActor (Ledge_12)
[2018.01.03-16.55.51:823][139]Cmd: DELETE
[2018.01.03-16.55.51:823][139]Cmd: ACTOR DELETE
[2018.01.03-16.55.51:824][139]LogEditorActor: Deleted Actor: PaperSpriteActor
[2018.01.03-16.55.51:836][139]LogEditorActor: Deleted 1 Actors (0.013 secs)
[2018.01.03-16.55.52:727][245]LogEditorViewport: Clicking on Actor (LMB): PaperSpriteActor (Ledge_17)
[2018.01.03-16.55.52:754][245]Cmd: DELETE
[2018.01.03-16.55.52:754][245]Cmd: ACTOR DELETE
[2018.01.03-16.55.52:755][245]LogEditorActor: Deleted Actor: PaperSpriteActor
[2018.01.03-16.55.52:768][245]LogEditorActor: Deleted 1 Actors (0.013 secs)
[2018.01.03-16.55.54:013][393]LogEditorViewport: Clicking on Actor (context menu): 2DSideScrollerCharacter_C (2DSideScrollerCharacter)
[2018.01.03-16.56.00:396][981]LogEditorViewport: Clicking on Actor (context menu): PaperSpriteActor (Background_Sprite)
[2018.01.03-16.56.01:579][ 28]LogEditorViewport: Clicking on Actor (LMB): PaperSpriteActor (Background_Sprite)
[2018.01.03-16.56.02:453][130]LogEditorViewport: Clicking on Actor (LMB): PlayerStart (NetworkPlayerStart)
[2018.01.03-16.56.08:811][880]LogNavigationPoint: PostEditMove Clear paths rebuilt
[2018.01.03-16.56.13:562][429]LogNavigationPoint: PostEditMove Clear paths rebuilt
[2018.01.03-16.56.15:826][581]LogTemp: Repeating last play command: Selected Viewport
[2018.01.03-16.56.16:839][581]LogBlueprintUserMessages: Early PlayInEditor Detection: Level '/Game/2DSideScrollerBP/Maps/2DSideScrollerExampleMap.2DSideScrollerExampleMap:PersistentLevel' has LevelScriptBlueprint '/Game/2DSideScrollerBP/Maps/2DSideScrollerExampleMap.2DSideScrollerExampleMap:PersistentLevel.2DSideScrollerExampleMap' with GeneratedClass '/Game/2DSideScrollerBP/Maps/2DSideScrollerExampleMap.2DSideScrollerExampleMap_C' with ClassGeneratedBy '/Game/2DSideScrollerBP/Maps/2DSideScrollerExampleMap.2DSideScrollerExampleMap:PersistentLevel.2DSideScrollerExampleMap'
[2018.01.03-16.56.16:840][581]LogPlayLevel: PlayLevel: No blueprints needed recompiling
[2018.01.03-16.56.16:841][581]PIE: New page: PIE session: 2DSideScrollerExampleMap (Jan 3, 2018, 6:56:16 AM)
[2018.01.03-16.56.16:841][581]LogPlayLevel: Creating play world package: /Game/2DSideScrollerBP/Maps/UEDPIE_0_2DSideScrollerExampleMap
[2018.01.03-16.56.16:843][581]LogPlayLevel: PIE: StaticDuplicateObject took: (0.002104s)
[2018.01.03-16.56.16:843][581]LogAIModule: Creating AISystem for world 2DSideScrollerExampleMap
[2018.01.03-16.56.16:843][581]LogPlayLevel: PIE: World Init took: (0.000509s)
[2018.01.03-16.56.16:844][581]LogPlayLevel: PIE: Created PIE world by copying editor world from /Game/2DSideScrollerBP/Maps/2DSideScrollerExampleMap.2DSideScrollerExampleMap to /Game/2DSideScrollerBP/Maps/UEDPIE_0_2DSideScrollerExampleMap.2DSideScrollerExampleMap (0.002817s)
[2018.01.03-16.56.16:862][581]LogInit: XAudio2 using 'Speakers (Realtek High Definition Audio)' : 2 channels at 48 kHz using 32 bits per sample (channel mask 0x3)
[2018.01.03-16.56.16:888][581]LogInit: FAudioDevice initialized.
[2018.01.03-16.56.16:932][581]LogLoad: Game class is '2DSideScrollerGameMode_C'
[2018.01.03-16.56.16:934][581]LogWorld: Bringing World /Game/2DSideScrollerBP/Maps/UEDPIE_0_2DSideScrollerExampleMap.2DSideScrollerExampleMap up for play (max tick rate 0) at 2018.01.03-11.56.16
[2018.01.03-16.56.16:934][581]LogWorld: Bringing up level for play took: 0.001023
[2018.01.03-16.56.16:974][581]LogContentBrowser: Native class hierarchy updated for 'MovieSceneCapture' in 0.0003 seconds. Added 11 classes and 0 folders.
[2018.01.03-16.56.16:975][581]PIE: Play in editor start time for /Game/2DSideScrollerBP/Maps/UEDPIE_0_2DSideScrollerExampleMap 0.886
[2018.01.03-16.56.16:975][581]LogBlueprintUserMessages: Late PlayInEditor Detection: Level '/Game/2DSideScrollerBP/Maps/2DSideScrollerExampleMap.2DSideScrollerExampleMap:PersistentLevel' has LevelScriptBlueprint '/Game/2DSideScrollerBP/Maps/2DSideScrollerExampleMap.2DSideScrollerExampleMap:PersistentLevel.2DSideScrollerExampleMap' with GeneratedClass '/Game/2DSideScrollerBP/Maps/2DSideScrollerExampleMap.2DSideScrollerExampleMap_C' with ClassGeneratedBy '/Game/2DSideScrollerBP/Maps/2DSideScrollerExampleMap.2DSideScrollerExampleMap:PersistentLevel.2DSideScrollerExampleMap'
[2018.01.03-16.56.27:485][837]LogBlueprintUserMessages: Early EndPlayMap Detection: Level '/Game/2DSideScrollerBP/Maps/2DSideScrollerExampleMap.2DSideScrollerExampleMap:PersistentLevel' has LevelScriptBlueprint '/Game/2DSideScrollerBP/Maps/2DSideScrollerExampleMap.2DSideScrollerExampleMap:PersistentLevel.2DSideScrollerExampleMap' with GeneratedClass '/Game/2DSideScrollerBP/Maps/2DSideScrollerExampleMap.2DSideScrollerExampleMap_C' with ClassGeneratedBy '/Game/2DSideScrollerBP/Maps/2DSideScrollerExampleMap.2DSideScrollerExampleMap:PersistentLevel.2DSideScrollerExampleMap'
[2018.01.03-16.56.27:517][837]LogBlueprintUserMessages: Late EndPlayMap Detection: Level '/Game/2DSideScrollerBP/Maps/2DSideScrollerExampleMap.2DSideScrollerExampleMap:PersistentLevel' has LevelScriptBlueprint '/Game/2DSideScrollerBP/Maps/2DSideScrollerExampleMap.2DSideScrollerExampleMap:PersistentLevel.2DSideScrollerExampleMap' with GeneratedClass '/Game/2DSideScrollerBP/Maps/2DSideScrollerExampleMap.2DSideScrollerExampleMap_C' with ClassGeneratedBy '/Game/2DSideScrollerBP/Maps/2DSideScrollerExampleMap.2DSideScrollerExampleMap:PersistentLevel.2DSideScrollerExampleMap'
[2018.01.03-16.56.44:520][285]LogSlate: Took 0.003787 seconds to synchronously load lazily loaded font '../../../Engine/Content/Slate/Fonts/Roboto-Light.ttf' (159K)
[2018.01.03-16.56.44:854][285]LogContentBrowser: Native class hierarchy updated for 'BlueprintGraph' in 0.0005 seconds. Added 116 classes and 0 folders.
[2018.01.03-16.56.45:381][285]LogMaterial: Missing cached shader map for material GridMaterial, compiling. 
[2018.01.03-16.56.45:416][285]LogSlate: Took 0.000161 seconds to synchronously load lazily loaded font '../../../Engine/Content/Slate/Fonts/Roboto-Regular.ttf' (155K)
[2018.01.03-16.56.45:448][285]LogMaterial: Missing cached shader map for material PersonaFloorMat, compiling. 
[2018.01.03-16.56.45:546][285]LogSlate: Took 0.003636 seconds to synchronously load lazily loaded font '../../../Engine/Content/Editor/Slate/Fonts/Roboto-BoldCondensed.ttf' (158K)
[2018.01.03-16.56.45:714][286]LogSlate: Took 0.003677 seconds to synchronously load lazily loaded font '../../../Engine/Content/Editor/Slate/Fonts/Roboto-Italic.ttf' (157K)
[2018.01.03-16.59.07:059][243]LogBlueprint: Warning: [player1] 'bisMovingRight' variable not found. Base class was probably changed. /Game/2DSideScrollerBP/Blueprints/player1.player1
[2018.01.03-16.59.07:059][243]LogBlueprint: Warning: [player1] 'bisMovingRight' variable not found. Base class was probably changed. /Game/2DSideScrollerBP/Blueprints/player1.player1
[2018.01.03-16.59.07:059][243]LogBlueprint: Warning: [player1] 'bisMovingRight' variable not found. Base class was probably changed. /Game/2DSideScrollerBP/Blueprints/player1.player1
[2018.01.03-16.59.07:059][243]LogBlueprint: Warning: [player1] 'bisMovingRight' variable not found. Base class was probably changed. /Game/2DSideScrollerBP/Blueprints/player1.player1
[2018.01.03-17.05.59:753][251]LogSlate: Took 0.000237 seconds to synchronously load lazily loaded font '../../../Engine/Content/Slate/Fonts/Roboto-Light.ttf' (159K)
[2018.01.03-17.06.08:911][278]LogSavePackage: Save=104.36ms
[2018.01.03-17.06.08:911][278]LogSavePackage: Moving 'E:/2017/git/twod_fighting_game/the_game/Saved/2DSideScrollerExampleMap_Auto1757E160D455E005ABFEBFC95435EF69A.tmp' to 'E:/2017/git/twod_fighting_game/the_game/Saved/Autosaves/Game/2DSideScrollerBP/Maps/2DSideScrollerExampleMap_Auto1.umap'
[2018.01.03-17.06.08:912][278]LogSavePackage: Display: Finished SavePackage E:/2017/git/twod_fighting_game/the_game/Saved/Autosaves/Game/2DSideScrollerBP/Maps/2DSideScrollerExampleMap_Auto1.umap
[2018.01.03-17.06.08:917][278]LogFileHelpers: Editor autosave (incl. sublevels) for '/Game/2DSideScrollerBP/Maps/2DSideScrollerExampleMap' took 0.141
[2018.01.03-17.06.08:917][278]LogFileHelpers: Editor autosave (incl. sublevels) for all levels took 0.141
[2018.01.03-17.06.08:932][278]OBJ SavePackage: Generating thumbnails for [0] asset(s) in package [/Game/2DSideScrollerBP/Blueprints/2DSideScrollerCharacter] ([1] browsable assets)...
[2018.01.03-17.06.08:932][278]OBJ SavePackage: Finished generating thumbnails for package [/Game/2DSideScrollerBP/Blueprints/2DSideScrollerCharacter]
[2018.01.03-17.06.08:991][278]LogSavePackage: Save=51.97ms
[2018.01.03-17.06.08:991][278]LogSavePackage: Moving 'E:/2017/git/twod_fighting_game/the_game/Saved/2DSideScrollerCharacter_Auto146DFC337479103DB8FBC4DAA529642C4.tmp' to 'E:/2017/git/twod_fighting_game/the_game/Saved/Autosaves/Game/2DSideScrollerBP/Blueprints/2DSideScrollerCharacter_Auto1.uasset'
[2018.01.03-17.06.08:991][278]LogSavePackage: Display: Finished SavePackage E:/2017/git/twod_fighting_game/the_game/Saved/Autosaves/Game/2DSideScrollerBP/Blueprints/2DSideScrollerCharacter_Auto1.uasset
[2018.01.03-17.06.08:991][278]OBJ SavePackage: Generating thumbnails for [0] asset(s) in package [/Game/2DSideScrollerBP/Blueprints/player1] ([1] browsable assets)...
[2018.01.03-17.06.08:991][278]OBJ SavePackage: Finished generating thumbnails for package [/Game/2DSideScrollerBP/Blueprints/player1]
[2018.01.03-17.06.09:011][278]LogSavePackage: Save=18.92ms
[2018.01.03-17.06.09:011][278]LogSavePackage: Moving 'E:/2017/git/twod_fighting_game/the_game/Saved/player1_Auto16ADEFB8546406531D70E2982884E46A2.tmp' to 'E:/2017/git/twod_fighting_game/the_game/Saved/Autosaves/Game/2DSideScrollerBP/Blueprints/player1_Auto1.uasset'
[2018.01.03-17.06.09:012][278]LogSavePackage: Display: Finished SavePackage E:/2017/git/twod_fighting_game/the_game/Saved/Autosaves/Game/2DSideScrollerBP/Blueprints/player1_Auto1.uasset
[2018.01.03-17.06.09:012][278]LogFileHelpers: Auto-saving content packages took 0.080
[2018.01.03-17.07.05:079][430]LogEditorViewport: Clicking on Actor (LMB): PaperSpriteActor (RightEdge)
[2018.01.03-17.07.06:637][610]LogEditorViewport: Clicking on Actor (LMB): PaperSpriteActor (Background_Sprite)
[2018.01.03-17.07.39:540][373]Cmd: TRANSACTION UNDO
[2018.01.03-17.07.39:540][373]LogEditorTransaction: Undo Scale Actors
[2018.01.03-17.07.40:351][418]Cmd: TRANSACTION UNDO
[2018.01.03-17.07.40:351][418]LogEditorTransaction: Undo Scale Actors
[2018.01.03-17.07.44:574][580]LogEditorActor: Deleted Actor: CameraActor
[2018.01.03-17.07.44:597][580]LogEditorActor: Deleted 1 Actors (0.025 secs)
[2018.01.03-17.16.09:756][547]LogSavePackage: Save=105.24ms
[2018.01.03-17.16.09:756][547]LogSavePackage: Moving 'E:/2017/git/twod_fighting_game/the_game/Saved/2DSideScrollerExampleMap_Auto2EDB87E1C420A057BD9C602AE276EDD59.tmp' to 'E:/2017/git/twod_fighting_game/the_game/Saved/Autosaves/Game/2DSideScrollerBP/Maps/2DSideScrollerExampleMap_Auto2.umap'
[2018.01.03-17.16.09:756][547]LogSavePackage: Display: Finished SavePackage E:/2017/git/twod_fighting_game/the_game/Saved/Autosaves/Game/2DSideScrollerBP/Maps/2DSideScrollerExampleMap_Auto2.umap
[2018.01.03-17.16.09:758][547]LogFileHelpers: Editor autosave (incl. sublevels) for '/Game/2DSideScrollerBP/Maps/2DSideScrollerExampleMap' took 0.140
[2018.01.03-17.16.09:758][547]LogFileHelpers: Editor autosave (incl. sublevels) for all levels took 0.140
[2018.01.03-17.16.09:779][547]OBJ SavePackage: Generating thumbnails for [0] asset(s) in package [/Game/2DSideScrollerBP/Blueprints/player1] ([1] browsable assets)...
[2018.01.03-17.16.09:779][547]OBJ SavePackage: Finished generating thumbnails for package [/Game/2DSideScrollerBP/Blueprints/player1]
[2018.01.03-17.16.09:802][547]LogSavePackage: Save=20.36ms
[2018.01.03-17.16.09:802][547]LogSavePackage: Moving 'E:/2017/git/twod_fighting_game/the_game/Saved/player1_Auto2F6336E3D455DA5C110C362A7544E87F0.tmp' to 'E:/2017/git/twod_fighting_game/the_game/Saved/Autosaves/Game/2DSideScrollerBP/Blueprints/player1_Auto2.uasset'
[2018.01.03-17.16.09:803][547]LogSavePackage: Display: Finished SavePackage E:/2017/git/twod_fighting_game/the_game/Saved/Autosaves/Game/2DSideScrollerBP/Blueprints/player1_Auto2.uasset
[2018.01.03-17.16.09:803][547]LogFileHelpers: Auto-saving content packages took 0.024
[2018.01.03-23.22.18:282][885]LogSavePackage: Save=105.41ms
[2018.01.03-23.22.18:282][885]LogSavePackage: Moving 'E:/2017/git/twod_fighting_game/the_game/Saved/2DSideScrollerExampleMapA656ADAD489B93652980528C4CBC8BF7.tmp' to 'E:/2017/git/twod_fighting_game/the_game/Content/2DSideScrollerBP/Maps/2DSideScrollerExampleMap.umap'
[2018.01.03-23.22.18:286][885]LogSavePackage: Display: Finished SavePackage E:/2017/git/twod_fighting_game/the_game/Content/2DSideScrollerBP/Maps/2DSideScrollerExampleMap.umap
[2018.01.03-23.22.18:307][885]LogFileHelpers: Saving map '2DSideScrollerExampleMap' took 0.217
[2018.01.03-23.22.18:369][885]LogSavePackage: Save=53.15ms
[2018.01.03-23.22.18:369][885]LogSavePackage: Moving 'E:/2017/git/twod_fighting_game/the_game/Saved/2DSideScrollerCharacter312502764BBBEEFC6FD844B1EF738605.tmp' to 'E:/2017/git/twod_fighting_game/the_game/Content/2DSideScrollerBP/Blueprints/2DSideScrollerCharacter.uasset'
[2018.01.03-23.22.18:372][885]LogSavePackage: Display: Finished SavePackage E:/2017/git/twod_fighting_game/the_game/Content/2DSideScrollerBP/Blueprints/2DSideScrollerCharacter.uasset
[2018.01.03-23.22.18:376][885]Cmd: OBJ SAVEPACKAGE PACKAGE="/Game/2DSideScrollerBP/Blueprints/player1" FILE="E:/2017/git/twod_fighting_game/the_game/Content/2DSideScrollerBP/Blueprints/player1.uasset" SILENT=true
[2018.01.03-23.22.18:397][885]LogSavePackage: Save=19.40ms
[2018.01.03-23.22.18:397][885]LogSavePackage: Moving 'E:/2017/git/twod_fighting_game/the_game/Saved/player11F77A8C1485D233D101B1A8EE283075D.tmp' to 'E:/2017/git/twod_fighting_game/the_game/Content/2DSideScrollerBP/Blueprints/player1.uasset'
[2018.01.03-23.22.18:400][885]LogSavePackage: Display: Finished SavePackage E:/2017/git/twod_fighting_game/the_game/Content/2DSideScrollerBP/Blueprints/player1.uasset
[2018.01.03-23.22.23:275][405]LogActorComponent: UnregisterComponent: (/Engine/Transient.EditorFloorComp) Not registered. Aborting.
[2018.01.03-23.22.23:327][405]LogWindowsTextInputMethodSystem: Display: IME system now deactivated.
[2018.01.03-23.22.23:549][406]Cmd: QUIT_EDITOR
[2018.01.03-23.22.24:012][406]LogExit: Preparing to exit.
[2018.01.03-23.22.25:055][406]LogExit: Editor shut down
[2018.01.03-23.22.25:059][406]LogExit: Transaction tracking system shut down
[2018.01.03-23.22.25:187][406]LogDirectoryWatcher: A directory notification for '../../../Engine/Content/' was aborted.
[2018.01.03-23.22.25:187][406]LogDirectoryWatcher: A directory notification for 'E:/2017/git/twod_fighting_game/the_game/Content/' was aborted.
[2018.01.03-23.22.25:187][406]LogDirectoryWatcher: A directory notification for '../../../Engine/Plugins/2D/Paper2D/Content/' was aborted.
[2018.01.03-23.22.25:188][406]LogDirectoryWatcher: A directory notification for '../../../Engine/Plugins/Media/MediaCompositing/Content/' was aborted.
[2018.01.03-23.22.25:188][406]LogDirectoryWatcher: A directory notification for '../../../Engine/Plugins/Runtime/AppleARKit/Content/' was aborted.
[2018.01.03-23.22.25:188][406]LogDirectoryWatcher: A directory notification for '../../../Engine/Plugins/Runtime/Oculus/OculusVR/Content/' was aborted.
[2018.01.03-23.22.25:188][406]LogDirectoryWatcher: A directory notification for '../../../Engine/Plugins/Runtime/Steam/SteamVR/Content/' was aborted.
[2018.01.03-23.22.25:258][406]LogExit: Object subsystem successfully closed.
[2018.01.03-23.22.25:277][406]LogD3D11RHI: Shutdown
[2018.01.03-23.22.25:277][406]LogD3D11RHI: CleanupD3DDevice
[2018.01.03-23.22.25:279][406]LogD3D11RHI: ~FD3D11DynamicRHI
[2018.01.03-23.22.25:295][406]LogModuleManager: Shutting down and abandoning module BlueprintGraph (552)
[2018.01.03-23.22.25:295][406]LogModuleManager: Shutting down and abandoning module MovieSceneCapture (550)
[2018.01.03-23.22.25:295][406]LogModuleManager: Shutting down and abandoning module HierarchicalLODOutliner (548)
[2018.01.03-23.22.25:295][406]LogModuleManager: Shutting down and abandoning module SceneOutliner (546)
[2018.01.03-23.22.25:295][406]LogModuleManager: Shutting down and abandoning module AddContentDialog (544)
[2018.01.03-23.22.25:295][406]LogDirectoryWatcher: A directory notification for 'C:/Program Files/Epic Games/UE_4.18/FeaturePacks/' was aborted.
[2018.01.03-23.22.25:296][406]LogModuleManager: Shutting down and abandoning module WidgetCarousel (543)
[2018.01.03-23.22.25:296][406]LogModuleManager: Shutting down and abandoning module EditorWidgets (540)
[2018.01.03-23.22.25:296][406]LogModuleManager: Shutting down and abandoning module CollectionManager (538)
[2018.01.03-23.22.25:296][406]LogDirectoryWatcher: A directory notification for 'E:/2017/git/twod_fighting_game/the_game/Content/Collections/' was aborted.
[2018.01.03-23.22.25:296][406]LogDirectoryWatcher: A directory notification for 'E:/2017/git/twod_fighting_game/the_game/Content/Developers/dhenn/Collections/' was aborted.
[2018.01.03-23.22.25:296][406]LogDirectoryWatcher: A directory notification for 'E:/2017/git/twod_fighting_game/the_game/Saved/Collections/' was aborted.
[2018.01.03-23.22.25:296][406]LogModuleManager: Shutting down and abandoning module StatsViewer (536)
[2018.01.03-23.22.25:296][406]LogModuleManager: Shutting down and abandoning module FoliageEdit (534)
[2018.01.03-23.22.25:296][406]LogModuleManager: Shutting down and abandoning module LandscapeEditor (532)
[2018.01.03-23.22.25:296][406]LogModuleManager: Shutting down and abandoning module MeshPaintMode (530)
[2018.01.03-23.22.25:296][406]LogModuleManager: Shutting down and abandoning module SceneDepthPickerMode (528)
[2018.01.03-23.22.25:296][406]LogModuleManager: Shutting down and abandoning module ActorPickerMode (526)
[2018.01.03-23.22.25:297][406]LogModuleManager: Shutting down and abandoning module GeometryMode (524)
[2018.01.03-23.22.25:297][406]LogModuleManager: Shutting down and abandoning module TextureAlignMode (522)
[2018.01.03-23.22.25:297][406]LogModuleManager: Shutting down and abandoning module BspMode (520)
[2018.01.03-23.22.25:297][406]LogModuleManager: Shutting down and abandoning module PIEPreviewDeviceProfileSelector (518)
[2018.01.03-23.22.25:297][406]LogModuleManager: Shutting down and abandoning module HardwareSurvey (516)
[2018.01.03-23.22.25:297][406]LogModuleManager: Shutting down and abandoning module SequenceRecorderSections (514)
[2018.01.03-23.22.25:297][406]LogModuleManager: Shutting down and abandoning module AutomationWorker (512)
[2018.01.03-23.22.25:297][406]LogModuleManager: Shutting down and abandoning module MatineeToLevelSequence (510)
[2018.01.03-23.22.25:297][406]LogModuleManager: Shutting down and abandoning module LevelSequenceEditor (508)
[2018.01.03-23.22.25:297][406]LogModuleManager: Shutting down and abandoning module PlacementMode (507)
[2018.01.03-23.22.25:297][406]LogModuleManager: Shutting down and abandoning module WmfMediaFactory (504)
[2018.01.03-23.22.25:297][406]LogModuleManager: Shutting down and abandoning module WmfMediaEditor (502)
[2018.01.03-23.22.25:297][406]LogModuleManager: Shutting down and abandoning module OpenExrWrapper (500)
[2018.01.03-23.22.25:297][406]LogModuleManager: Shutting down and abandoning module ImgMediaFactory (498)
[2018.01.03-23.22.25:297][406]LogModuleManager: Shutting down and abandoning module ImgMediaEditor (496)
[2018.01.03-23.22.25:297][406]LogModuleManager: Shutting down and abandoning module AvfMediaFactory (494)
[2018.01.03-23.22.25:297][406]LogModuleManager: Shutting down and abandoning module AvfMediaEditor (492)
[2018.01.03-23.22.25:297][406]LogModuleManager: Shutting down and abandoning module AndroidMediaFactory (490)
[2018.01.03-23.22.25:297][406]LogModuleManager: Shutting down and abandoning module AndroidMediaEditor (488)
[2018.01.03-23.22.25:297][406]LogModuleManager: Shutting down and abandoning module CharacterAI (486)
[2018.01.03-23.22.25:297][406]LogModuleManager: Shutting down and abandoning module AudioCapture (484)
[2018.01.03-23.22.25:297][406]LogModuleManager: Shutting down and abandoning module SequenceRecorder (483)
[2018.01.03-23.22.25:297][406]LogModuleManager: Shutting down and abandoning module SmartSnapping (480)
[2018.01.03-23.22.25:297][406]LogModuleManager: Shutting down and abandoning module SessionServices (478)
[2018.01.03-23.22.25:297][406]LogModuleManager: Shutting down and abandoning module ViewportSnapping (476)
[2018.01.03-23.22.25:297][406]LogModuleManager: Shutting down and abandoning module ViewportInteraction (474)
[2018.01.03-23.22.25:297][406]LogModuleManager: Shutting down and abandoning module ClothPainter (472)
[2018.01.03-23.22.25:297][406]LogModuleManager: Shutting down and abandoning module SkeletalMeshEditor (471)
[2018.01.03-23.22.25:297][406]LogModuleManager: Shutting down and abandoning module LogVisualizer (468)
[2018.01.03-23.22.25:297][406]LogModuleManager: Shutting down and abandoning module IntroTutorials (466)
[2018.01.03-23.22.25:297][406]LogModuleManager: Shutting down and abandoning module GameProjectGeneration (465)
[2018.01.03-23.22.25:297][406]LogModuleManager: Shutting down and abandoning module IOSPlatformEditor (462)
[2018.01.03-23.22.25:297][406]LogModuleManager: Shutting down and abandoning module HTML5PlatformEditor (460)
[2018.01.03-23.22.25:297][406]LogModuleManager: Shutting down and abandoning module AndroidPlatformEditor (458)
[2018.01.03-23.22.25:297][406]LogModuleManager: Shutting down and abandoning module AndroidDeviceDetection (457)
[2018.01.03-23.22.25:725][406]LogModuleManager: Shutting down and abandoning module WindowsPlatformEditor (454)
[2018.01.03-23.22.25:725][406]LogModuleManager: Shutting down and abandoning module IOSRuntimeSettings (452)
[2018.01.03-23.22.25:725][406]LogModuleManager: Shutting down and abandoning module AndroidRuntimeSettings (450)
[2018.01.03-23.22.25:725][406]LogModuleManager: Shutting down and abandoning module InputBindingEditor (448)
[2018.01.03-23.22.25:725][406]LogModuleManager: Shutting down and abandoning module MergeActors (446)
[2018.01.03-23.22.25:725][406]LogModuleManager: Shutting down and abandoning module SizeMap (444)
[2018.01.03-23.22.25:725][406]LogModuleManager: Shutting down and abandoning module TreeMap (442)
[2018.01.03-23.22.25:725][406]LogModuleManager: Shutting down and abandoning module ReferenceViewer (440)
[2018.01.03-23.22.25:725][406]LogModuleManager: Shutting down and abandoning module LocalizationDashboard (438)
[2018.01.03-23.22.25:725][406]LogModuleManager: Shutting down and abandoning module LocalizationService (437)
[2018.01.03-23.22.25:725][406]LogModuleManager: Shutting down and abandoning module HardwareTargeting (434)
[2018.01.03-23.22.25:725][406]LogModuleManager: Shutting down and abandoning module DeviceProfileEditor (432)
[2018.01.03-23.22.25:725][406]LogModuleManager: Shutting down and abandoning module UndoHistory (430)
[2018.01.03-23.22.25:725][406]LogModuleManager: Shutting down and abandoning module XmlParser (428)
[2018.01.03-23.22.25:725][406]LogModuleManager: Shutting down and abandoning module Blutility (426)
[2018.01.03-23.22.25:725][406]LogModuleManager: Shutting down and abandoning module ProjectSettingsViewer (424)
[2018.01.03-23.22.25:725][406]LogModuleManager: Shutting down and abandoning module ProjectTargetPlatformEditor (423)
[2018.01.03-23.22.25:725][406]LogModuleManager: Shutting down and abandoning module EditorSettingsViewer (420)
[2018.01.03-23.22.25:725][406]LogModuleManager: Shutting down and abandoning module SettingsEditor (418)
[2018.01.03-23.22.25:725][406]LogModuleManager: Shutting down and abandoning module ProjectLauncher (416)
[2018.01.03-23.22.25:725][406]LogModuleManager: Shutting down and abandoning module SessionFrontend (414)
[2018.01.03-23.22.25:725][406]LogModuleManager: Shutting down and abandoning module ProfilerClient (412)
[2018.01.03-23.22.25:725][406]LogModuleManager: Shutting down and abandoning module DeviceManager (410)
[2018.01.03-23.22.25:725][406]LogModuleManager: Shutting down and abandoning module TargetDeviceServices (409)
[2018.01.03-23.22.25:777][406]LogModuleManager: Shutting down and abandoning module AutomationController (406)
[2018.01.03-23.22.25:777][406]LogModuleManager: Shutting down and abandoning module AutomationWindow (404)
[2018.01.03-23.22.25:777][406]LogModuleManager: Shutting down and abandoning module Layers (402)
[2018.01.03-23.22.25:777][406]LogModuleManager: Shutting down and abandoning module ComponentVisualizers (400)
[2018.01.03-23.22.25:777][406]LogModuleManager: Shutting down and abandoning module DetailCustomizations (398)
[2018.01.03-23.22.25:777][406]LogModuleManager: Shutting down and abandoning module PackagesDialog (396)
[2018.01.03-23.22.25:777][406]LogModuleManager: Shutting down and abandoning module Persona (394)
[2018.01.03-23.22.25:777][406]LogModuleManager: Shutting down and abandoning module AdvancedPreviewScene (393)
[2018.01.03-23.22.25:777][406]LogModuleManager: Shutting down and abandoning module AnimGraph (391)
[2018.01.03-23.22.25:777][406]LogModuleManager: Shutting down and abandoning module Kismet (388)
[2018.01.03-23.22.25:783][406]LogModuleManager: Shutting down and abandoning module ClassViewer (386)
[2018.01.03-23.22.25:784][406]LogModuleManager: Shutting down and abandoning module Toolbox (384)
[2018.01.03-23.22.25:784][406]LogModuleManager: Shutting down and abandoning module ModuleUI (382)
[2018.01.03-23.22.25:784][406]LogModuleManager: Shutting down and abandoning module MovieSceneTools (380)
[2018.01.03-23.22.25:785][406]LogModuleManager: Shutting down and abandoning module OutputLog (378)
[2018.01.03-23.22.25:785][406]LogModuleManager: Shutting down and abandoning module GammaUI (376)
[2018.01.03-23.22.25:785][406]LogModuleManager: Shutting down and abandoning module Documentation (374)
[2018.01.03-23.22.25:785][406]LogModuleManager: Shutting down and abandoning module MovieSceneTracks (372)
[2018.01.03-23.22.25:785][406]LogModuleManager: Shutting down and abandoning module MovieScene (370)
[2018.01.03-23.22.25:785][406]LogModuleManager: Shutting down and abandoning module StreamingPauseRendering (368)
[2018.01.03-23.22.25:785][406]LogModuleManager: Shutting down and abandoning module LauncherPlatform (366)
[2018.01.03-23.22.25:785][406]LogModuleManager: Shutting down and abandoning module AnalyticsET (364)
[2018.01.03-23.22.25:785][406]LogModuleManager: Shutting down and abandoning module PortalServices (362)
[2018.01.03-23.22.25:785][406]LogModuleManager: Shutting down and abandoning module PortalRpc (360)
[2018.01.03-23.22.25:785][406]LogModuleManager: Shutting down and abandoning module MessagingRpc (358)
[2018.01.03-23.22.25:785][406]LogModuleManager: Shutting down and abandoning module AIModule (356)
[2018.01.03-23.22.25:785][406]LogModuleManager: Shutting down and abandoning module GameplayDebugger (355)
[2018.01.03-23.22.25:785][406]LogModuleManager: Shutting down and abandoning module AITestSuite (353)
[2018.01.03-23.22.25:785][406]LogModuleManager: Shutting down and abandoning module DesktopPlatform (350)
[2018.01.03-23.22.25:785][406]LogModuleManager: Shutting down and abandoning module ProfilerService (348)
[2018.01.03-23.22.26:009][406]LogModuleManager: Shutting down and abandoning module TaskGraph (346)
[2018.01.03-23.22.26:009][406]LogModuleManager: Shutting down and abandoning module SteamVRController (344)
[2018.01.03-23.22.26:009][406]LogModuleManager: Shutting down and abandoning module ProceduralMeshComponentEditor (342)
[2018.01.03-23.22.26:009][406]LogModuleManager: Shutting down and abandoning module ProceduralMeshComponent (340)
[2018.01.03-23.22.26:009][406]LogModuleManager: Shutting down and abandoning module OculusInput (338)
[2018.01.03-23.22.26:009][406]LogModuleManager: Shutting down and abandoning module MobilePatchingUtils (336)
[2018.01.03-23.22.26:009][406]LogModuleManager: Shutting down and abandoning module CustomMeshComponent (334)
[2018.01.03-23.22.26:009][406]LogModuleManager: Shutting down and abandoning module CableComponent (332)
[2018.01.03-23.22.26:009][406]LogModuleManager: Shutting down and abandoning module ArchVisCharacter (330)
[2018.01.03-23.22.26:009][406]LogModuleManager: Shutting down and abandoning module AndroidPermission (328)
[2018.01.03-23.22.26:009][406]LogModuleManager: Shutting down and abandoning module ActorSequence (324)
[2018.01.03-23.22.26:009][406]LogModuleManager: Shutting down and abandoning module MediaPlayerEditor (322)
[2018.01.03-23.22.26:009][406]LogModuleManager: Shutting down and abandoning module MediaCompositingEditor (320)
[2018.01.03-23.22.26:009][406]LogModuleManager: Shutting down and abandoning module MediaCompositing (318)
[2018.01.03-23.22.26:009][406]LogModuleManager: Shutting down and abandoning module HTML5Networking (316)
[2018.01.03-23.22.26:009][406]LogModuleManager: Shutting down and abandoning module AlembicImporter (314)
[2018.01.03-23.22.26:009][406]LogModuleManager: Shutting down and abandoning module AlembicLibrary (313)
[2018.01.03-23.22.26:009][406]LogModuleManager: Shutting down and abandoning module GeometryCache (312)
[2018.01.03-23.22.26:009][406]LogModuleManager: Shutting down and abandoning module GeometryCacheEd (311)
[2018.01.03-23.22.26:009][406]LogModuleManager: Shutting down and abandoning module SpeedTreeImporter (306)
[2018.01.03-23.22.26:009][406]LogModuleManager: Shutting down and abandoning module PluginBrowser (304)
[2018.01.03-23.22.26:009][406]LogModuleManager: Shutting down and abandoning module MobileLauncherProfileWizard (302)
[2018.01.03-23.22.26:009][406]LogModuleManager: Shutting down and abandoning module VisualStudioSourceCodeAccess (300)
[2018.01.03-23.22.26:009][406]LogModuleManager: Shutting down and abandoning module VisualStudioCodeSourceCodeAccess (298)
[2018.01.03-23.22.26:009][406]LogModuleManager: Shutting down and abandoning module UObjectPlugin (296)
[2018.01.03-23.22.26:009][406]LogModuleManager: Shutting down and abandoning module SubversionSourceControl (294)
[2018.01.03-23.22.26:009][406]LogModuleManager: Shutting down and abandoning module PerforceSourceControl (292)
[2018.01.03-23.22.26:009][406]LogModuleManager: Shutting down and abandoning module GitSourceControl (290)
[2018.01.03-23.22.26:009][406]LogModuleManager: Shutting down and abandoning module SourceControl (289)
[2018.01.03-23.22.26:010][406]LogModuleManager: Shutting down and abandoning module LightPropagationVolumeEditor (286)
[2018.01.03-23.22.26:010][406]LogModuleManager: Shutting down and abandoning module PaperTiledImporter (284)
[2018.01.03-23.22.26:010][406]LogModuleManager: Shutting down and abandoning module PaperSpriteSheetImporter (282)
[2018.01.03-23.22.26:010][406]LogModuleManager: Shutting down and abandoning module Paper2DEditor (280)
[2018.01.03-23.22.26:010][406]LogModuleManager: Shutting down and abandoning module MeshPaint (279)
[2018.01.03-23.22.26:010][406]LogModuleManager: Shutting down and abandoning module LevelEditor (277)
[2018.01.03-23.22.26:011][406]LogModuleManager: Shutting down and abandoning module PixelInspectorModule (276)
[2018.01.03-23.22.26:011][406]LogModuleManager: Shutting down and abandoning module MainFrame (274)
[2018.01.03-23.22.26:011][406]LogModuleManager: Shutting down and abandoning module HotReload (273)
[2018.01.03-23.22.26:011][406]LogModuleManager: Shutting down and abandoning module RuntimePhysXCooking (268)
[2018.01.03-23.22.26:011][406]LogModuleManager: Shutting down and abandoning module PhysXVehiclesEditor (266)
[2018.01.03-23.22.26:011][406]LogModuleManager: Shutting down and abandoning module PhysXVehicles (264)
[2018.01.03-23.22.26:011][406]LogModuleManager: Shutting down and abandoning module OculusEditor (262)
[2018.01.03-23.22.26:011][406]LogModuleManager: Shutting down and abandoning module LocationServicesBPLibrary (260)
[2018.01.03-23.22.26:011][406]LogModuleManager: Shutting down and abandoning module ImmediatePhysicsEditor (258)
[2018.01.03-23.22.26:011][406]LogModuleManager: Shutting down and abandoning module ImmediatePhysics (256)
[2018.01.03-23.22.26:011][406]LogModuleManager: Shutting down and abandoning module UdpMessaging (254)
[2018.01.03-23.22.26:112][406]LogModuleManager: Shutting down and abandoning module TcpMessaging (252)
[2018.01.03-23.22.26:212][406]LogModuleManager: Shutting down and abandoning module GameplayTagsEditor (250)
[2018.01.03-23.22.26:212][406]LogModuleManager: Shutting down and abandoning module FacialAnimationEditor (248)
[2018.01.03-23.22.26:212][406]LogModuleManager: Shutting down and abandoning module FacialAnimation (246)
[2018.01.03-23.22.26:212][406]LogModuleManager: Shutting down and abandoning module AssetManagerEditor (244)
[2018.01.03-23.22.26:212][406]LogModuleManager: Shutting down and abandoning module GraphEditor (243)
[2018.01.03-23.22.26:212][406]LogModuleManager: Shutting down and abandoning module ContentBrowser (241)
[2018.01.03-23.22.26:213][406]LogModuleManager: Shutting down and abandoning module LightPropagationVolumeRuntime (238)
[2018.01.03-23.22.26:213][406]LogModuleManager: Shutting down and abandoning module Paper2D (236)
[2018.01.03-23.22.26:213][406]LogModuleManager: Shutting down and abandoning module WindowsMoviePlayer (234)
[2018.01.03-23.22.26:213][406]LogModuleManager: Shutting down and abandoning module WmfMedia (232)
[2018.01.03-23.22.26:214][406]LogModuleManager: Shutting down and abandoning module ImgMedia (230)
[2018.01.03-23.22.26:214][406]LogModuleManager: Shutting down and abandoning module PacketHandler (228)
[2018.01.03-23.22.26:214][406]LogModuleManager: Shutting down and abandoning module ClothingSystemEditor (226)
[2018.01.03-23.22.26:214][406]LogModuleManager: Shutting down and abandoning module ClothingSystemRuntime (224)
[2018.01.03-23.22.26:214][406]LogModuleManager: Shutting down and abandoning module MediaAssets (222)
[2018.01.03-23.22.26:214][406]LogModuleManager: Shutting down and abandoning module Media (221)
[2018.01.03-23.22.26:220][406]LogModuleManager: Shutting down and abandoning module Overlay (218)
[2018.01.03-23.22.26:220][406]LogModuleManager: Shutting down and abandoning module OverlayEditor (217)
[2018.01.03-23.22.26:220][406]LogModuleManager: Shutting down and abandoning module VREditor (214)
[2018.01.03-23.22.26:220][406]LogModuleManager: Shutting down and abandoning module StringTableEditor (212)
[2018.01.03-23.22.26:220][406]LogModuleManager: Shutting down and abandoning module GameplayTasksEditor (210)
[2018.01.03-23.22.26:220][406]LogModuleManager: Shutting down and abandoning module BehaviorTreeEditor (208)
[2018.01.03-23.22.26:220][406]LogModuleManager: Shutting down and abandoning module FunctionalTesting (206)
[2018.01.03-23.22.26:220][406]LogModuleManager: Shutting down and abandoning module CollisionAnalyzer (204)
[2018.01.03-23.22.26:220][406]LogModuleManager: Shutting down and abandoning module WorkspaceMenuStructure (203)
[2018.01.03-23.22.26:220][406]LogModuleManager: Shutting down and abandoning module UMG (200)
[2018.01.03-23.22.26:220][406]LogModuleManager: Shutting down and abandoning module UMGEditor (199)
[2018.01.03-23.22.26:220][406]LogModuleManager: Shutting down and abandoning module Sequencer (198)
[2018.01.03-23.22.26:220][406]LogModuleManager: Shutting down and abandoning module MessageLog (195)
[2018.01.03-23.22.26:220][406]LogModuleManager: Shutting down and abandoning module SlateReflector (190)
[2018.01.03-23.22.26:220][406]LogModuleManager: Shutting down and abandoning module Slate (188)
[2018.01.03-23.22.26:220][406]LogModuleManager: Shutting down and abandoning module EditorStyle (186)
[2018.01.03-23.22.26:222][406]LogModuleManager: Shutting down and abandoning module MRMesh (184)
[2018.01.03-23.22.26:222][406]LogModuleManager: Shutting down and abandoning module SourceCodeAccess (182)
[2018.01.03-23.22.26:222][406]LogModuleManager: Shutting down and abandoning module HeadMountedDisplay (180)
[2018.01.03-23.22.26:222][406]LogModuleManager: Shutting down and abandoning module XAudio2 (178)
[2018.01.03-23.22.26:222][406]LogModuleManager: Shutting down and abandoning module Networking (176)
[2018.01.03-23.22.26:222][406]LogModuleManager: Shutting down and abandoning module Core (172)
[2018.01.03-23.22.26:222][406]LogModuleManager: Shutting down and abandoning module LevelSequence (168)
[2018.01.03-23.22.26:222][406]LogModuleManager: Shutting down and abandoning module DirectoryWatcher (166)
[2018.01.03-23.22.26:223][406]LogModuleManager: Shutting down and abandoning module KismetCompiler (164)
[2018.01.03-23.22.26:223][406]LogModuleManager: Shutting down and abandoning module MeshUtilities (162)
[2018.01.03-23.22.26:223][406]LogModuleManager: Shutting down and abandoning module MeshMergeUtilities (161)
[2018.01.03-23.22.26:223][406]LogModuleManager: Shutting down and abandoning module MeshReductionInterface (160)
[2018.01.03-23.22.26:223][406]LogModuleManager: Shutting down and abandoning module SimplygonSwarm (159)
[2018.01.03-23.22.26:223][406]LogModuleManager: Shutting down and abandoning module SimplygonMeshReduction (157)
[2018.01.03-23.22.26:223][406]LogModuleManager: Shutting down and abandoning module QuadricMeshReduction (155)
[2018.01.03-23.22.26:223][406]LogModuleManager: Shutting down and abandoning module MaterialBaking (151)
[2018.01.03-23.22.26:223][406]LogModuleManager: Shutting down and abandoning module DerivedDataCache (148)
[2018.01.03-23.22.26:266][406]LogDerivedDataCache: Shutdown
[2018.01.03-23.22.26:266][406]LogModuleManager: Shutting down and abandoning module TargetPlatform (146)
[2018.01.03-23.22.26:266][406]LogModuleManager: Shutting down and abandoning module VulkanShaderFormat (145)
[2018.01.03-23.22.26:266][406]LogModuleManager: Shutting down and abandoning module ShaderFormatVectorVM (143)
[2018.01.03-23.22.26:266][406]LogModuleManager: Shutting down and abandoning module ShaderFormatOpenGL (141)
[2018.01.03-23.22.26:266][406]LogModuleManager: Shutting down and abandoning module ShaderFormatD3D (139)
[2018.01.03-23.22.26:266][406]LogModuleManager: Shutting down and abandoning module MetalShaderFormat (137)
[2018.01.03-23.22.26:266][406]LogModuleManager: Shutting down and abandoning module TextureFormatUncompressed (135)
[2018.01.03-23.22.26:266][406]LogModuleManager: Shutting down and abandoning module TextureFormatPVR (133)
[2018.01.03-23.22.26:266][406]LogModuleManager: Shutting down and abandoning module TextureFormatDXT (131)
[2018.01.03-23.22.26:266][406]LogModuleManager: Shutting down and abandoning module TextureFormatIntelISPCTexComp (129)
[2018.01.03-23.22.26:266][406]LogModuleManager: Shutting down and abandoning module TextureFormatASTC (127)
[2018.01.03-23.22.26:266][406]LogModuleManager: Shutting down and abandoning module ImageWrapper (126)
[2018.01.03-23.22.26:266][406]LogModuleManager: Shutting down and abandoning module TextureFormatAndroid (123)
[2018.01.03-23.22.26:266][406]LogModuleManager: Shutting down and abandoning module AudioFormatOpus (121)
[2018.01.03-23.22.26:266][406]LogModuleManager: Shutting down and abandoning module AudioFormatOgg (119)
[2018.01.03-23.22.26:266][406]LogModuleManager: Shutting down and abandoning module AudioFormatADPCM (117)
[2018.01.03-23.22.26:266][406]LogModuleManager: Shutting down and abandoning module LinuxTargetPlatform (115)
[2018.01.03-23.22.26:266][406]LogModuleManager: Shutting down and abandoning module LinuxServerTargetPlatform (113)
[2018.01.03-23.22.26:266][406]LogModuleManager: Shutting down and abandoning module LinuxNoEditorTargetPlatform (111)
[2018.01.03-23.22.26:267][406]LogModuleManager: Shutting down and abandoning module LinuxClientTargetPlatform (109)
[2018.01.03-23.22.26:267][406]LogModuleManager: Shutting down and abandoning module TVOSTargetPlatform (107)
[2018.01.03-23.22.26:267][406]LogModuleManager: Shutting down and abandoning module Messaging (105)
[2018.01.03-23.22.26:267][406]LogModuleManager: Shutting down and abandoning module IOSTargetPlatform (103)
[2018.01.03-23.22.26:267][406]LogModuleManager: Shutting down and abandoning module HTML5TargetPlatform (101)
[2018.01.03-23.22.26:267][406]LogModuleManager: Shutting down and abandoning module AndroidTargetPlatform (99)
[2018.01.03-23.22.26:267][406]LogModuleManager: Shutting down and abandoning module Android_PVRTCTargetPlatform (97)
[2018.01.03-23.22.26:267][406]LogModuleManager: Shutting down and abandoning module Android_MultiTargetPlatform (95)
[2018.01.03-23.22.26:267][406]LogModuleManager: Shutting down and abandoning module Android_ETC2TargetPlatform (93)
[2018.01.03-23.22.26:267][406]LogModuleManager: Shutting down and abandoning module Android_ETC1TargetPlatform (91)
[2018.01.03-23.22.26:267][406]LogModuleManager: Shutting down and abandoning module Android_DXTTargetPlatform (89)
[2018.01.03-23.22.26:267][406]LogModuleManager: Shutting down and abandoning module Android_ATCTargetPlatform (87)
[2018.01.03-23.22.26:267][406]LogModuleManager: Shutting down and abandoning module Android_ASTCTargetPlatform (85)
[2018.01.03-23.22.26:267][406]LogModuleManager: Shutting down and abandoning module WindowsTargetPlatform (83)
[2018.01.03-23.22.26:267][406]LogModuleManager: Shutting down and abandoning module WindowsServerTargetPlatform (81)
[2018.01.03-23.22.26:267][406]LogModuleManager: Shutting down and abandoning module WindowsNoEditorTargetPlatform (79)
[2018.01.03-23.22.26:267][406]LogModuleManager: Shutting down and abandoning module WindowsClientTargetPlatform (77)
[2018.01.03-23.22.26:267][406]LogModuleManager: Shutting down and abandoning module MacTargetPlatform (75)
[2018.01.03-23.22.26:267][406]LogModuleManager: Shutting down and abandoning module MacServerTargetPlatform (73)
[2018.01.03-23.22.26:267][406]LogModuleManager: Shutting down and abandoning module MacNoEditorTargetPlatform (71)
[2018.01.03-23.22.26:267][406]LogModuleManager: Shutting down and abandoning module MacClientTargetPlatform (69)
[2018.01.03-23.22.26:267][406]LogModuleManager: Shutting down and abandoning module AllDesktopTargetPlatform (67)
[2018.01.03-23.22.26:267][406]LogModuleManager: Shutting down and abandoning module InputCore (64)
[2018.01.03-23.22.26:267][406]LogModuleManager: Shutting down and abandoning module Settings (62)
[2018.01.03-23.22.26:267][406]LogModuleManager: Shutting down and abandoning module PhysXCooking (60)
[2018.01.03-23.22.26:267][406]LogModuleManager: Shutting down and abandoning module SteamVR (58)
[2018.01.03-23.22.26:267][406]LogModuleManager: Shutting down and abandoning module OculusHMD (56)
[2018.01.03-23.22.26:267][406]LogModuleManager: Shutting down and abandoning module ExampleDeviceProfileSelector (54)
[2018.01.03-23.22.26:267][406]LogModuleManager: Shutting down and abandoning module AppleARKit (52)
[2018.01.03-23.22.26:267][406]LogModuleManager: Shutting down and abandoning module AugmentedReality (51)
[2018.01.03-23.22.26:267][406]LogModuleManager: Shutting down and abandoning module OnlineBlueprintSupport (48)
[2018.01.03-23.22.26:267][406]LogModuleManager: Shutting down and abandoning module OnlineSubsystem (44)
[2018.01.03-23.22.26:267][406]LogModuleManager: Shutting down and abandoning module XMPP (43)
[2018.01.03-23.22.26:267][406]LogModuleManager: Shutting down and abandoning module HTTP (41)
[2018.01.03-23.22.26:267][406]LogHttp: Display: Http module shutting down, but needs to wait on 1 outstanding Http requests:
[2018.01.03-23.22.26:267][406]LogHttp: Display: 	verb=[POST] url=[https://datarouter.ol.epicgames.com/datarouter/api/v1/public/data?SessionID=%7BCEA02BD1-48A3-0ED8-A70F-4BAE9F7232F0%7D&AppID=UEEditor.Rocket.Release&AppVersion=4.18.2-3794801%2B%2B%2BUE4%2BRelease-4.18&UserID=bbe407074862dc38461b8a863da9157f%7C16441ec159f845b993f3ad2a599620ff%7C8a0a4817-d479-4792-821c-1930c26ef417&AppEnvironment=datacollector-binary&UploadType=eteventstream] status=Processing
[2018.01.03-23.22.26:288][406]LogModuleManager: Shutting down and abandoning module SSL (40)
[2018.01.03-23.22.26:289][406]LogModuleManager: Shutting down and abandoning module AnimationModifiers (36)
[2018.01.03-23.22.26:289][406]LogModuleManager: Shutting down and abandoning module PropertyEditor (35)
[2018.01.03-23.22.26:289][406]LogModuleManager: Shutting down and abandoning module AudioEditor (32)
[2018.01.03-23.22.26:289][406]LogModuleManager: Shutting down and abandoning module TextureCompressor (30)
[2018.01.03-23.22.26:290][406]LogModuleManager: Shutting down and abandoning module ShaderCore (28)
[2018.01.03-23.22.26:290][406]LogModuleManager: Shutting down and abandoning module Landscape (26)
[2018.01.03-23.22.26:290][406]LogModuleManager: Shutting down and abandoning module SlateRHIRenderer (24)
[2018.01.03-23.22.26:291][406]LogModuleManager: Shutting down and abandoning module OpenGLDrv (22)
[2018.01.03-23.22.26:291][406]LogModuleManager: Shutting down and abandoning module D3D11RHI (20)
[2018.01.03-23.22.26:291][406]LogModuleManager: Shutting down and abandoning module AnimGraphRuntime (18)
[2018.01.03-23.22.26:291][406]LogModuleManager: Shutting down and abandoning module Renderer (16)
[2018.01.03-23.22.26:291][406]LogModuleManager: Shutting down and abandoning module Engine (14)
[2018.01.03-23.22.26:291][406]LogModuleManager: Shutting down and abandoning module CoreUObject (12)
[2018.01.03-23.22.26:291][406]LogModuleManager: Shutting down and abandoning module NetworkFile (10)
[2018.01.03-23.22.26:291][406]LogModuleManager: Shutting down and abandoning module CookedIterativeFile (8)
[2018.01.03-23.22.26:291][406]LogModuleManager: Shutting down and abandoning module StreamingFile (6)
[2018.01.03-23.22.26:291][406]LogModuleManager: Shutting down and abandoning module SandboxFile (4)
[2018.01.03-23.22.26:291][406]LogModuleManager: Shutting down and abandoning module PakFile (2)
[2018.01.03-23.22.26:294][406]LogExit: Exiting.
[2018.01.03-23.22.26:304][406]Log file closed, 01/03/18 18:22:26
